2026-03-16 23:15:22,883 | INFO | ======================================================================
2026-03-16 23:15:22,883 | INFO |   ADVANCED OPERATIONAL ANALYTICS DASHBOARD — PIPELINE START
2026-03-16 23:15:22,883 | INFO | ======================================================================
2026-03-16 23:15:22,883 | INFO | 
[STEP 1/5] Initializing database schema ...
2026-03-16 23:15:22,892 | INFO | Initializing SQLite database at: /Users/mohithreddy/Desktop/Realtime Projects/Advanced Operational Analytics Dashboard/data/operational.db
2026-03-16 23:15:22,898 | INFO | Database schema created successfully.
2026-03-16 23:15:22,898 | INFO | 
[STEP 2/5] Generating synthetic operational data (365 days) ...
2026-03-16 23:15:37,669 | INFO | Generating synthetic operational records (365 days) ...
2026-03-16 23:15:37,735 | INFO | Saved bronze CSV: /Users/mohithreddy/Desktop/Realtime Projects/Advanced Operational Analytics Dashboard/data/bronze/internal_ops_20260317T031537.csv
2026-03-16 23:15:37,735 | INFO | Saved silver CSV: /Users/mohithreddy/Desktop/Realtime Projects/Advanced Operational Analytics Dashboard/data/silver/internal_ops_clean_20260317T031537.csv
2026-03-16 23:15:37,751 | INFO | Loaded 7665 rows into bronze_internal_operations.
2026-03-16 23:15:37,769 | INFO | Loaded 7665 rows into silver_internal_operations.
2026-03-16 23:15:37,769 | INFO | Synthetic data generation complete.
2026-03-16 23:15:37,770 | INFO | 
[STEP 3/5] Fetching live API data (FRED + NYC Open Data) ...
2026-03-16 23:15:37,826 | INFO | ============================================================
2026-03-16 23:15:37,826 | INFO | Starting data ingestion run ...
2026-03-16 23:15:37,826 | WARNING | [FRED/GDP] No API key — skipping real fetch.
2026-03-16 23:15:37,827 | WARNING | [FRED/CPIAUCSL] No API key — skipping real fetch.
2026-03-16 23:15:37,827 | WARNING | [FRED/UNRATE] No API key — skipping real fetch.
2026-03-16 23:15:37,828 | WARNING | [FRED/FEDFUNDS] No API key — skipping real fetch.
2026-03-16 23:15:37,828 | WARNING | [FRED/INDPRO] No API key — skipping real fetch.
2026-03-16 23:15:37,828 | INFO | [FRED] Total observations fetched: 0
2026-03-16 23:15:38,125 | INFO | HTTP Request: GET https://data.cityofnewyork.us/resource/833y-fsy8.json?%24limit=1000&%24offset=0&%24order=created_date+DESC "HTTP/1.1 400 Bad Request"
2026-03-16 23:15:38,126 | WARNING | [NYC/page1] HTTP 400 on attempt 1/3
2026-03-16 23:15:38,126 | INFO | [NYC/page1] Retrying in 2s ...
2026-03-16 23:15:40,319 | INFO | HTTP Request: GET https://data.cityofnewyork.us/resource/833y-fsy8.json?%24limit=1000&%24offset=0&%24order=created_date+DESC "HTTP/1.1 400 Bad Request"
2026-03-16 23:15:40,320 | WARNING | [NYC/page1] HTTP 400 on attempt 2/3
2026-03-16 23:15:40,320 | INFO | [NYC/page1] Retrying in 4s ...
2026-03-16 23:15:44,519 | INFO | HTTP Request: GET https://data.cityofnewyork.us/resource/833y-fsy8.json?%24limit=1000&%24offset=0&%24order=created_date+DESC "HTTP/1.1 400 Bad Request"
2026-03-16 23:15:44,520 | WARNING | [NYC/page1] HTTP 400 on attempt 3/3
2026-03-16 23:15:44,522 | INFO | [NYC] Total records fetched: 0
2026-03-16 23:15:44,536 | INFO | Ingestion run complete.
2026-03-16 23:15:44,536 | INFO | 
[STEP 4/5] Exporting gold layer CSVs for Tableau & modeling ...
2026-03-16 23:15:44,547 | INFO | Starting gold layer export ...
2026-03-16 23:15:44,626 | INFO | Exported operational_efficiency: 2555 rows → operational_efficiency_latest.csv
2026-03-16 23:15:44,648 | INFO | Exported sla_compliance: 371 rows → sla_compliance_latest.csv
2026-03-16 23:15:44,661 | INFO | Exported process_bottlenecks: 21 rows → process_bottlenecks_latest.csv
2026-03-16 23:15:44,672 | INFO | Exported monthly_kpi_trends: 84 rows → monthly_kpi_trends_latest.csv
2026-03-16 23:15:44,683 | INFO | Gold layer export complete.
2026-03-16 23:15:44,683 | INFO | 
[STEP 5/5] Running statistical analysis & forecasting models ...
2026-03-16 23:16:18,932 | INFO | Loaded 7665 records from silver_internal_operations
2026-03-16 23:16:18,932 | INFO | Running time series decomposition ...
2026-03-16 23:16:18,955 | INFO | Decomposition saved: timeseries_decomposition_latest.csv (359 rows)
2026-03-16 23:16:18,955 | INFO | Fitting SARIMA model for throughput forecast ...
2026-03-16 23:16:19,142 | INFO | ARIMA forecast saved: arima_forecast_latest.csv (30 days ahead)
2026-03-16 23:16:19,143 | INFO | Running anomaly detection (Isolation Forest + Z-score) ...
2026-03-16 23:16:19,328 | INFO | Anomaly detection saved: anomaly_detection_latest.csv (385 anomalies flagged)
2026-03-16 23:16:19,329 | INFO | Computing Pearson correlation matrix ...
2026-03-16 23:16:19,331 | INFO | Correlation matrix saved: correlation_matrix_latest.csv
2026-03-16 23:16:19,331 | INFO | Running K-Means clustering (k=4) on department-level aggregates ...
2026-03-16 23:16:19,442 | INFO | Clustering saved: cluster_labels_latest.csv — 4 clusters across 21 processes
2026-03-16 23:16:19,442 | INFO | Fitting SARIMA on SLA breach rate ...
2026-03-16 23:16:19,644 | INFO | SLA breach forecast saved: sla_breach_forecast_latest.csv
2026-03-16 23:16:19,645 | INFO | All statistical analyses complete.
2026-03-16 23:16:19,645 | INFO | 
======================================================================
2026-03-16 23:16:19,645 | INFO |   PIPELINE COMPLETE — 56.8s total
2026-03-16 23:16:19,645 | INFO |   Gold layer CSVs → data/gold/
2026-03-16 23:16:19,645 | INFO |   Launch dashboard: streamlit run dashboard/dashboard.py
2026-03-16 23:16:19,645 | INFO | ======================================================================
